<?xml version="1.0" encoding="UTF-8"?>
<testsuites>
  <testsuite name="Driade\Fixtures\Test\Test" file="/Users/davidfernandez/htdocs/laravel-fixtures/tests/TestFixtureLoader.php" tests="9" assertions="49" failures="0" errors="0" time="0.161983">
    <testcase name="testHasMany" class="Driade\Fixtures\Test\Test" file="/Users/davidfernandez/htdocs/laravel-fixtures/tests/TestFixtureLoader.php" line="32" assertions="23" time="0.067990"/>
    <testcase name="testBelongs" class="Driade\Fixtures\Test\Test" file="/Users/davidfernandez/htdocs/laravel-fixtures/tests/TestFixtureLoader.php" line="56" assertions="4" time="0.012530"/>
    <testcase name="testComplex" class="Driade\Fixtures\Test\Test" file="/Users/davidfernandez/htdocs/laravel-fixtures/tests/TestFixtureLoader.php" line="69" assertions="6" time="0.011154"/>
    <testcase name="testHasOne" class="Driade\Fixtures\Test\Test" file="/Users/davidfernandez/htdocs/laravel-fixtures/tests/TestFixtureLoader.php" line="85" assertions="2" time="0.006825"/>
    <testcase name="testHasOneInverse" class="Driade\Fixtures\Test\Test" file="/Users/davidfernandez/htdocs/laravel-fixtures/tests/TestFixtureLoader.php" line="95" assertions="2" time="0.006152"/>
    <testcase name="testBelongsToMany" class="Driade\Fixtures\Test\Test" file="/Users/davidfernandez/htdocs/laravel-fixtures/tests/TestFixtureLoader.php" line="105" assertions="6" time="0.022282"/>
    <testcase name="testPolymorphic" class="Driade\Fixtures\Test\Test" file="/Users/davidfernandez/htdocs/laravel-fixtures/tests/TestFixtureLoader.php" line="121" assertions="2" time="0.010717"/>
    <testcase name="testPolymorphic2" class="Driade\Fixtures\Test\Test" file="/Users/davidfernandez/htdocs/laravel-fixtures/tests/TestFixtureLoader.php" line="132" assertions="2" time="0.010797"/>
    <testcase name="testClassConstant" class="Driade\Fixtures\Test\Test" file="/Users/davidfernandez/htdocs/laravel-fixtures/tests/TestFixtureLoader.php" line="143" assertions="2" time="0.013536"/>
  </testsuite>
</testsuites>
